

Started GET "/" for ::1 at 2016-05-19 10:41:07 -0400

ActiveRecord::NoDatabaseError (FATAL:  database "micropurchase_development" does not exist
):
  activerecord (4.2.6) lib/active_record/connection_adapters/postgresql_adapter.rb:661:in `rescue in connect'
  activerecord (4.2.6) lib/active_record/connection_adapters/postgresql_adapter.rb:651:in `connect'
  activerecord (4.2.6) lib/active_record/connection_adapters/postgresql_adapter.rb:242:in `initialize'
  activerecord (4.2.6) lib/active_record/connection_adapters/postgresql_adapter.rb:44:in `new'
  activerecord (4.2.6) lib/active_record/connection_adapters/postgresql_adapter.rb:44:in `postgresql_connection'
  activerecord (4.2.6) lib/active_record/connection_adapters/abstract/connection_pool.rb:438:in `new_connection'
  activerecord (4.2.6) lib/active_record/connection_adapters/abstract/connection_pool.rb:448:in `checkout_new_connection'
  activerecord (4.2.6) lib/active_record/connection_adapters/abstract/connection_pool.rb:422:in `acquire_connection'
  activerecord (4.2.6) lib/active_record/connection_adapters/abstract/connection_pool.rb:349:in `block in checkout'
  /Users/andrewmaier/.rvm/rubies/ruby-2.2.1/lib/ruby/2.2.0/monitor.rb:211:in `mon_synchronize'
  activerecord (4.2.6) lib/active_record/connection_adapters/abstract/connection_pool.rb:348:in `checkout'
  activerecord (4.2.6) lib/active_record/connection_adapters/abstract/connection_pool.rb:263:in `block in connection'
  /Users/andrewmaier/.rvm/rubies/ruby-2.2.1/lib/ruby/2.2.0/monitor.rb:211:in `mon_synchronize'
  activerecord (4.2.6) lib/active_record/connection_adapters/abstract/connection_pool.rb:262:in `connection'
  activerecord (4.2.6) lib/active_record/connection_adapters/abstract/connection_pool.rb:571:in `retrieve_connection'
  activerecord (4.2.6) lib/active_record/connection_handling.rb:113:in `retrieve_connection'
  activerecord (4.2.6) lib/active_record/connection_handling.rb:87:in `connection'
  activerecord (4.2.6) lib/active_record/migration.rb:383:in `connection'
  activerecord (4.2.6) lib/active_record/migration.rb:370:in `call'
  actionpack (4.2.6) lib/action_dispatch/middleware/callbacks.rb:29:in `block in call'
  activesupport (4.2.6) lib/active_support/callbacks.rb:88:in `__run_callbacks__'
  activesupport (4.2.6) lib/active_support/callbacks.rb:778:in `_run_call_callbacks'
  activesupport (4.2.6) lib/active_support/callbacks.rb:81:in `run_callbacks'
  actionpack (4.2.6) lib/action_dispatch/middleware/callbacks.rb:27:in `call'
  actionpack (4.2.6) lib/action_dispatch/middleware/reloader.rb:73:in `call'
  actionpack (4.2.6) lib/action_dispatch/middleware/remote_ip.rb:78:in `call'
  actionpack (4.2.6) lib/action_dispatch/middleware/debug_exceptions.rb:17:in `call'
  web-console (2.3.0) lib/web_console/middleware.rb:28:in `block in call'
  web-console (2.3.0) lib/web_console/middleware.rb:18:in `catch'
  web-console (2.3.0) lib/web_console/middleware.rb:18:in `call'
  actionpack (4.2.6) lib/action_dispatch/middleware/show_exceptions.rb:30:in `call'
  railties (4.2.6) lib/rails/rack/logger.rb:38:in `call_app'
  railties (4.2.6) lib/rails/rack/logger.rb:20:in `block in call'
  activesupport (4.2.6) lib/active_support/tagged_logging.rb:68:in `block in tagged'
  activesupport (4.2.6) lib/active_support/tagged_logging.rb:26:in `tagged'
  activesupport (4.2.6) lib/active_support/tagged_logging.rb:68:in `tagged'
  railties (4.2.6) lib/rails/rack/logger.rb:20:in `call'
  actionpack (4.2.6) lib/action_dispatch/middleware/request_id.rb:21:in `call'
  rack (1.6.4) lib/rack/methodoverride.rb:22:in `call'
  rack (1.6.4) lib/rack/runtime.rb:18:in `call'
  activesupport (4.2.6) lib/active_support/cache/strategy/local_cache_middleware.rb:28:in `call'
  rack (1.6.4) lib/rack/lock.rb:17:in `call'
  actionpack (4.2.6) lib/action_dispatch/middleware/static.rb:120:in `call'
  rack (1.6.4) lib/rack/sendfile.rb:113:in `call'
  rack-cors (0.4.0) lib/rack/cors.rb:80:in `call'
  railties (4.2.6) lib/rails/engine.rb:518:in `call'
  railties (4.2.6) lib/rails/application.rb:165:in `call'
  rack (1.6.4) lib/rack/content_length.rb:15:in `call'
  puma (3.4.0) lib/puma/configuration.rb:224:in `call'
  puma (3.4.0) lib/puma/server.rb:569:in `handle_request'
  puma (3.4.0) lib/puma/server.rb:406:in `process_client'
  puma (3.4.0) lib/puma/server.rb:271:in `block in run'
  puma (3.4.0) lib/puma/thread_pool.rb:114:in `call'
  puma (3.4.0) lib/puma/thread_pool.rb:114:in `block in spawn_thread'


  Rendered /Users/andrewmaier/.rvm/gems/ruby-2.2.1/gems/actionpack-4.2.6/lib/action_dispatch/middleware/templates/rescues/_source.erb (4.1ms)
  Rendered /Users/andrewmaier/.rvm/gems/ruby-2.2.1/gems/actionpack-4.2.6/lib/action_dispatch/middleware/templates/rescues/_trace.html.erb (3.2ms)
  Rendered /Users/andrewmaier/.rvm/gems/ruby-2.2.1/gems/actionpack-4.2.6/lib/action_dispatch/middleware/templates/rescues/_request_and_response.html.erb (1.7ms)
  Rendered /Users/andrewmaier/.rvm/gems/ruby-2.2.1/gems/actionpack-4.2.6/lib/action_dispatch/middleware/templates/rescues/diagnostics.html.erb within rescues/layout (47.3ms)
  Rendered /Users/andrewmaier/.rvm/gems/ruby-2.2.1/gems/web-console-2.3.0/lib/web_console/templates/_markup.html.erb (1.0ms)
  Rendered /Users/andrewmaier/.rvm/gems/ruby-2.2.1/gems/web-console-2.3.0/lib/web_console/templates/_inner_console_markup.html.erb within layouts/inlined_string (0.4ms)
  Rendered /Users/andrewmaier/.rvm/gems/ruby-2.2.1/gems/web-console-2.3.0/lib/web_console/templates/_prompt_box_markup.html.erb within layouts/inlined_string (0.3ms)
  Rendered /Users/andrewmaier/.rvm/gems/ruby-2.2.1/gems/web-console-2.3.0/lib/web_console/templates/style.css.erb within layouts/inlined_string (0.5ms)
  Rendered /Users/andrewmaier/.rvm/gems/ruby-2.2.1/gems/web-console-2.3.0/lib/web_console/templates/console.js.erb within layouts/javascript (408.7ms)
  Rendered /Users/andrewmaier/.rvm/gems/ruby-2.2.1/gems/web-console-2.3.0/lib/web_console/templates/main.js.erb within layouts/javascript (0.4ms)
  Rendered /Users/andrewmaier/.rvm/gems/ruby-2.2.1/gems/web-console-2.3.0/lib/web_console/templates/error_page.js.erb within layouts/javascript (0.4ms)
  Rendered /Users/andrewmaier/.rvm/gems/ruby-2.2.1/gems/web-console-2.3.0/lib/web_console/templates/index.html.erb (456.8ms)
  [1m[36m (27.9ms)[0m  [1mCREATE TABLE "schema_migrations" ("version" character varying NOT NULL) [0m
  [1m[35m (1.0ms)[0m  CREATE UNIQUE INDEX  "unique_schema_migrations" ON "schema_migrations"  ("version")
  [1m[36mActiveRecord::SchemaMigration Load (0.3ms)[0m  [1mSELECT "schema_migrations".* FROM "schema_migrations"[0m
Migrating to RebuildTheOldSchema (20151020231437)
  [1m[35m (0.1ms)[0m  BEGIN
  [1m[36m (23.5ms)[0m  [1mCREATE TABLE "auctions" ("id" serial primary key, "issue_url" character varying, "start_price" float, "start_datetime" timestamp, "end_datetime" timestamp, "title" character varying, "description" text, "github_repo" character varying, "published" integer, "created_at" timestamp NOT NULL, "updated_at" timestamp NOT NULL) [0m
  [1m[35m (2.4ms)[0m  CREATE TABLE "bids" ("id" serial primary key, "bidder_id" integer, "auction_id" integer, "amount" float, "created_at" timestamp NOT NULL, "updated_at" timestamp NOT NULL) 
  [1m[36m (2.7ms)[0m  [1mCREATE TABLE "users" ("id" serial primary key, "github_id" character varying, "duns_id" character varying, "sam_id" character varying, "name" character varying, "created_at" timestamp NOT NULL, "updated_at" timestamp NOT NULL) [0m
  [1m[35mSQL (0.3ms)[0m  INSERT INTO "schema_migrations" ("version") VALUES ($1)  [["version", "20151020231437"]]
  [1m[36m (5.8ms)[0m  [1mCOMMIT[0m
Migrating to RemoveSamIdFromUsers (20151021210056)
  [1m[35m (17.0ms)[0m  BEGIN
  [1m[36m (0.9ms)[0m  [1mALTER TABLE "users" DROP "sam_id"[0m
  [1m[35mSQL (0.1ms)[0m  INSERT INTO "schema_migrations" ("version") VALUES ($1)  [["version", "20151021210056"]]
  [1m[36m (0.3ms)[0m  [1mCOMMIT[0m
Migrating to RenameDunsIdToDunsNumberInUsers (20151022185949)
  [1m[35m (0.1ms)[0m  BEGIN
  [1m[36m (0.7ms)[0m  [1mALTER TABLE "users" RENAME COLUMN "duns_id" TO "duns_number"[0m
  [1m[35mSQL (0.1ms)[0m  INSERT INTO "schema_migrations" ("version") VALUES ($1)  [["version", "20151022185949"]]
  [1m[36m (0.2ms)[0m  [1mCOMMIT[0m
Migrating to AddEmailToUsers (20151123191242)
  [1m[35m (0.1ms)[0m  BEGIN
  [1m[36m (0.2ms)[0m  [1mALTER TABLE "users" ADD "email" character varying[0m
  [1m[35mSQL (0.1ms)[0m  INSERT INTO "schema_migrations" ("version") VALUES ($1)  [["version", "20151123191242"]]
  [1m[36m (0.3ms)[0m  [1mCOMMIT[0m
Migrating to AddDefaultStartPriceToAuctions (20151210200402)
  [1m[35m (0.1ms)[0m  BEGIN
  [1m[36m (0.3ms)[0m  [1mALTER TABLE "auctions" ALTER COLUMN "start_price" TYPE float[0m
  [1m[35m (0.7ms)[0m  ALTER TABLE "auctions" ALTER COLUMN "start_price" SET DEFAULT 3500.0
  [1m[36mSQL (0.1ms)[0m  [1mINSERT INTO "schema_migrations" ("version") VALUES ($1)[0m  [["version", "20151210200402"]]
  [1m[35m (0.3ms)[0m  COMMIT
Migrating to FloatsToInts (20151222023133)
  [1m[36m (0.1ms)[0m  [1mBEGIN[0m
  [1m[35m (3.4ms)[0m  ALTER TABLE "auctions" ALTER COLUMN "start_price" TYPE integer
  [1m[36m (0.3ms)[0m  [1mALTER TABLE "auctions" ALTER COLUMN "start_price" SET DEFAULT 3500[0m
  [1m[35m (1.6ms)[0m  ALTER TABLE "bids" ALTER COLUMN "amount" TYPE integer
  [1m[36mSQL (0.1ms)[0m  [1mINSERT INTO "schema_migrations" ("version") VALUES ($1)[0m  [["version", "20151222023133"]]
  [1m[35m (1.0ms)[0m  COMMIT
Migrating to AddSummaryToAuctions (20151223225151)
  [1m[36m (0.1ms)[0m  [1mBEGIN[0m
  [1m[35m (0.2ms)[0m  ALTER TABLE "auctions" ADD "summary" text
  [1m[36mSQL (0.1ms)[0m  [1mINSERT INTO "schema_migrations" ("version") VALUES ($1)[0m  [["version", "20151223225151"]]
  [1m[35m (0.3ms)[0m  COMMIT
Migrating to AddSamAccountBooleanToUsers (20160104222026)
  [1m[36m (0.1ms)[0m  [1mBEGIN[0m
  [1m[35m (3.1ms)[0m  ALTER TABLE "users" ADD "sam_account" boolean DEFAULT 'f' NOT NULL
  [1m[36m (1.2ms)[0m  [1mCREATE  INDEX  "index_users_on_sam_account" ON "users"  ("sam_account")[0m
  [1m[35mSQL (0.1ms)[0m  INSERT INTO "schema_migrations" ("version") VALUES ($1)  [["version", "20160104222026"]]
  [1m[36m (0.6ms)[0m  [1mCOMMIT[0m
Migrating to AddGithubUsernameToUsers (20160111205708)
  [1m[35m (0.1ms)[0m  BEGIN
  [1m[36m (0.2ms)[0m  [1mALTER TABLE "users" ADD "github_login" character varying[0m
  [1m[35mSQL (0.1ms)[0m  INSERT INTO "schema_migrations" ("version") VALUES ($1)  [["version", "20160111205708"]]
  [1m[36m (0.3ms)[0m  [1mCOMMIT[0m
Migrating to AddAuctionTypes (20160121205441)
  [1m[35m (0.1ms)[0m  BEGIN
  [1m[36m (0.3ms)[0m  [1mALTER TABLE "auctions" ADD "type" character varying[0m
  [1m[35mSQL (0.2ms)[0m  INSERT INTO "schema_migrations" ("version") VALUES ($1)  [["version", "20160121205441"]]
  [1m[36m (0.3ms)[0m  [1mCOMMIT[0m
Migrating to AddAuctionMetadataToAuction (20160201224609)
  [1m[35m (0.1ms)[0m  BEGIN
  [1m[36m (0.3ms)[0m  [1mALTER TABLE "auctions" ADD "delivery_deadline" timestamp[0m
  [1m[35m (0.2ms)[0m  ALTER TABLE "auctions" ADD "delivered_at" timestamp
  [1m[36m (0.2ms)[0m  [1mALTER TABLE "auctions" ADD "awardee_paid_at" timestamp[0m
  [1m[35m (0.2ms)[0m  ALTER TABLE "auctions" ADD "notes" text
  [1m[36mSQL (0.1ms)[0m  [1mINSERT INTO "schema_migrations" ("version") VALUES ($1)[0m  [["version", "20160201224609"]]
  [1m[35m (0.3ms)[0m  COMMIT
Migrating to AddCreditCardFormUrlToUsers (20160203170114)
  [1m[36m (0.1ms)[0m  [1mBEGIN[0m
  [1m[35m (0.2ms)[0m  ALTER TABLE "users" ADD "credit_card_form_url" character varying
  [1m[36mSQL (0.1ms)[0m  [1mINSERT INTO "schema_migrations" ("version") VALUES ($1)[0m  [["version", "20160203170114"]]
  [1m[35m (0.3ms)[0m  COMMIT
Migrating to AddBillableToToAuction (20160203171710)
  [1m[36m (0.1ms)[0m  [1mBEGIN[0m
  [1m[35m (0.3ms)[0m  ALTER TABLE "auctions" ADD "billable_to" character varying
  [1m[36mSQL (0.1ms)[0m  [1mINSERT INTO "schema_migrations" ("version") VALUES ($1)[0m  [["version", "20160203171710"]]
  [1m[35m (0.3ms)[0m  COMMIT
Migrating to AddResultToAuction (20160204201448)
  [1m[36m (0.1ms)[0m  [1mBEGIN[0m
  [1m[35m (3.1ms)[0m  ALTER TABLE "auctions" ADD "result" integer DEFAULT 0
  [1m[36mSQL (0.2ms)[0m  [1mINSERT INTO "schema_migrations" ("version") VALUES ($1)[0m  [["version", "20160204201448"]]
  [1m[35m (0.9ms)[0m  COMMIT
Migrating to ChangeAuctionTypesToEnum (20160204202522)
  [1m[36m (0.4ms)[0m  [1mBEGIN[0m
  [1m[35m (0.5ms)[0m  ALTER TABLE "auctions" DROP "type"
  [1m[36m (3.1ms)[0m  [1mALTER TABLE "auctions" ADD "type" integer DEFAULT 0[0m
  [1m[35mSQL (0.2ms)[0m  INSERT INTO "schema_migrations" ("version") VALUES ($1)  [["version", "20160204202522"]]
  [1m[36m (0.8ms)[0m  [1mCOMMIT[0m
Migrating to RemovedDeliveredAtFromAuctions (20160205165208)
  [1m[35m (0.2ms)[0m  BEGIN
  [1m[36m (0.3ms)[0m  [1mALTER TABLE "auctions" DROP "delivered_at"[0m
  [1m[35mSQL (0.2ms)[0m  INSERT INTO "schema_migrations" ("version") VALUES ($1)  [["version", "20160205165208"]]
  [1m[36m (0.3ms)[0m  [1mCOMMIT[0m
Migrating to RemoveAwardeePaidAtFromAuctions (20160205165229)
  [1m[35m (0.1ms)[0m  BEGIN
  [1m[36m (0.2ms)[0m  [1mALTER TABLE "auctions" DROP "awardee_paid_at"[0m
  [1m[35mSQL (0.5ms)[0m  INSERT INTO "schema_migrations" ("version") VALUES ($1)  [["version", "20160205165229"]]
  [1m[36m (1.1ms)[0m  [1mCOMMIT[0m
Migrating to AddAwardeePaidToAuctions (20160205165315)
  [1m[35m (0.1ms)[0m  BEGIN
  [1m[36m (3.8ms)[0m  [1mALTER TABLE "auctions" ADD "awardee_paid" integer DEFAULT 0[0m
  [1m[35mSQL (0.1ms)[0m  INSERT INTO "schema_migrations" ("version") VALUES ($1)  [["version", "20160205165315"]]
  [1m[36m (0.7ms)[0m  [1mCOMMIT[0m
Migrating to AddDeliveredToAuction (20160205165334)
  [1m[35m (0.1ms)[0m  BEGIN
  [1m[36m (2.7ms)[0m  [1mALTER TABLE "auctions" ADD "delivered" integer DEFAULT 0[0m
  [1m[35mSQL (0.2ms)[0m  INSERT INTO "schema_migrations" ("version") VALUES ($1)  [["version", "20160205165334"]]
  [1m[36m (1.1ms)[0m  [1mCOMMIT[0m
Migrating to ChangeAuctionFieldsToHaveStatusInTheName (20160205171309)
  [1m[35m (0.3ms)[0m  BEGIN
  [1m[36m (0.4ms)[0m  [1mALTER TABLE "auctions" RENAME COLUMN "delivered" TO "delivery_status"[0m
  [1m[35m (0.4ms)[0m  ALTER TABLE "auctions" RENAME COLUMN "awardee_paid" TO "awardee_paid_status"
  [1m[36mSQL (0.2ms)[0m  [1mINSERT INTO "schema_migrations" ("version") VALUES ($1)[0m  [["version", "20160205171309"]]
  [1m[35m (0.3ms)[0m  COMMIT
Migrating to RemoveDeliveryStatusFromAuction (20160208212851)
  [1m[36m (0.1ms)[0m  [1mBEGIN[0m
  [1m[35m (0.3ms)[0m  ALTER TABLE "auctions" DROP "delivery_status"
  [1m[36mSQL (0.2ms)[0m  [1mINSERT INTO "schema_migrations" ("version") VALUES ($1)[0m  [["version", "20160208212851"]]
  [1m[35m (0.3ms)[0m  COMMIT
Migrating to AddDeliveryUrlToAuctions (20160209185352)
  [1m[36m (0.1ms)[0m  [1mBEGIN[0m
  [1m[35m (0.2ms)[0m  ALTER TABLE "auctions" ADD "delivery_url" character varying
  [1m[36mSQL (0.1ms)[0m  [1mINSERT INTO "schema_migrations" ("version") VALUES ($1)[0m  [["version", "20160209185352"]]
  [1m[35m (0.3ms)[0m  COMMIT
Migrating to AddCapProposalUrlToAuctions (20160209191341)
  [1m[36m (0.1ms)[0m  [1mBEGIN[0m
  [1m[35m (0.2ms)[0m  ALTER TABLE "auctions" ADD "cap_proposal_url" character varying
  [1m[36mSQL (0.1ms)[0m  [1mINSERT INTO "schema_migrations" ("version") VALUES ($1)[0m  [["version", "20160209191341"]]
  [1m[35m (0.3ms)[0m  COMMIT
Migrating to ChangePublishedToEnum (20160216174015)
  [1m[36m (0.1ms)[0m  [1mBEGIN[0m
  [1m[35m (0.3ms)[0m  ALTER TABLE "auctions" ALTER COLUMN "published" TYPE integer
  [1m[36m (0.2ms)[0m  [1mALTER TABLE "auctions" ALTER COLUMN "published" SET DEFAULT 0[0m
  [1m[35mSQL (0.1ms)[0m  INSERT INTO "schema_migrations" ("version") VALUES ($1)  [["version", "20160216174015"]]
  [1m[36m (0.3ms)[0m  [1mCOMMIT[0m
Migrating to CreateDelayedJobs (20160420151607)
  [1m[35m (0.1ms)[0m  BEGIN
  [1m[36m (2.4ms)[0m  [1mCREATE TABLE "delayed_jobs" ("id" serial primary key, "priority" integer DEFAULT 0 NOT NULL, "attempts" integer DEFAULT 0 NOT NULL, "handler" text NOT NULL, "last_error" text, "run_at" timestamp, "locked_at" timestamp, "failed_at" timestamp, "locked_by" character varying, "queue" character varying, "created_at" timestamp, "updated_at" timestamp) [0m
  [1m[35m (1.1ms)[0m  CREATE  INDEX  "delayed_jobs_priority" ON "delayed_jobs"  ("priority", "run_at")
  [1m[36mSQL (0.1ms)[0m  [1mINSERT INTO "schema_migrations" ("version") VALUES ($1)[0m  [["version", "20160420151607"]]
  [1m[35m (0.4ms)[0m  COMMIT
Migrating to AddNullFalseToStartDatetimeAndEndDatetime (20160422002514)
  [1m[36m (0.3ms)[0m  [1mBEGIN[0m
  [1m[35m (1.5ms)[0m        UPDATE auctions
      SET end_datetime = CURRENT_TIMESTAMP
      WHERE end_datetime IS NULL;
      UPDATE auctions
      SET start_datetime = CURRENT_TIMESTAMP
      WHERE start_datetime IS NULL;

  [1m[36m (0.2ms)[0m  [1mALTER TABLE "auctions" ALTER "end_datetime" SET NOT NULL[0m
  [1m[35m (0.2ms)[0m  ALTER TABLE "auctions" ALTER "start_datetime" SET NOT NULL
  [1m[36mSQL (0.1ms)[0m  [1mINSERT INTO "schema_migrations" ("version") VALUES ($1)[0m  [["version", "20160422002514"]]
  [1m[35m (0.3ms)[0m  COMMIT
Migrating to RenameSamAccountToSamStatus (20160425170026)
  [1m[36m (0.1ms)[0m  [1mBEGIN[0m
  [1m[35m (3.6ms)[0m  ALTER TABLE "users" ADD "sam_status" integer DEFAULT 0 NOT NULL
  [1m[36m (0.6ms)[0m  [1m      UPDATE users
      SET sam_status = 1
      WHERE sam_account IS TRUE;
      UPDATE users
      SET sam_status = 2
      WHERE sam_account IS FALSE;
[0m
  [1m[35m (0.8ms)[0m  CREATE  INDEX  "index_users_on_sam_status" ON "users"  ("sam_status")
  [1m[36m (0.3ms)[0m  [1mALTER TABLE "users" DROP "sam_account"[0m
  [1m[35mSQL (0.1ms)[0m  INSERT INTO "schema_migrations" ("version") VALUES ($1)  [["version", "20160425170026"]]
  [1m[36m (0.8ms)[0m  [1mCOMMIT[0m
Migrating to AddContractingOfficerToUsers (20160428200813)
  [1m[35m (0.1ms)[0m  BEGIN
  [1m[36m (4.3ms)[0m  [1mALTER TABLE "users" ADD "contracting_officer" boolean DEFAULT 'f' NOT NULL[0m
  [1m[35m (1.5ms)[0m  CREATE  INDEX  "index_users_on_contracting_officer" ON "users"  ("contracting_officer") WHERE contracting_officer = true
  [1m[36mSQL (0.1ms)[0m  [1mINSERT INTO "schema_migrations" ("version") VALUES ($1)[0m  [["version", "20160428200813"]]
  [1m[35m (0.9ms)[0m  COMMIT
Migrating to AddUserToAuctions (20160503143402)
  [1m[36m (0.2ms)[0m  [1mBEGIN[0m
  [1m[35m (0.3ms)[0m  ALTER TABLE "auctions" ADD "user_id" integer
  [1m[36m (0.9ms)[0m  [1mCREATE  INDEX  "index_auctions_on_user_id" ON "auctions"  ("user_id")[0m
  [1m[35mSQL (0.1ms)[0m  INSERT INTO "schema_migrations" ("version") VALUES ($1)  [["version", "20160503143402"]]
  [1m[36m (0.3ms)[0m  [1mCOMMIT[0m
Migrating to AddSmallBizFlagToUsers (20160510180328)
  [1m[35m (0.1ms)[0m  BEGIN
  [1m[36m (5.2ms)[0m  [1mALTER TABLE "users" ADD "small_business" boolean DEFAULT 'f' NOT NULL[0m
  [1m[35mSQL (0.2ms)[0m  INSERT INTO "schema_migrations" ("version") VALUES ($1)  [["version", "20160510180328"]]
  [1m[36m (0.7ms)[0m  [1mCOMMIT[0m
  [1m[35mActiveRecord::SchemaMigration Load (0.2ms)[0m  SELECT "schema_migrations".* FROM "schema_migrations"
  [1m[36m (1.9ms)[0m  [1mSELECT t2.oid::regclass::text AS to_table, a1.attname AS column, a2.attname AS primary_key, c.conname AS name, c.confupdtype AS on_update, c.confdeltype AS on_delete
FROM pg_constraint c
JOIN pg_class t1 ON c.conrelid = t1.oid
JOIN pg_class t2 ON c.confrelid = t2.oid
JOIN pg_attribute a1 ON a1.attnum = c.conkey[1] AND a1.attrelid = t1.oid
JOIN pg_attribute a2 ON a2.attnum = c.confkey[1] AND a2.attrelid = t2.oid
JOIN pg_namespace t3 ON c.connamespace = t3.oid
WHERE c.contype = 'f'
  AND t1.relname = 'auctions'
  AND t3.nspname = ANY (current_schemas(false))
ORDER BY c.conname
[0m
  [1m[35m (1.4ms)[0m  SELECT t2.oid::regclass::text AS to_table, a1.attname AS column, a2.attname AS primary_key, c.conname AS name, c.confupdtype AS on_update, c.confdeltype AS on_delete
FROM pg_constraint c
JOIN pg_class t1 ON c.conrelid = t1.oid
JOIN pg_class t2 ON c.confrelid = t2.oid
JOIN pg_attribute a1 ON a1.attnum = c.conkey[1] AND a1.attrelid = t1.oid
JOIN pg_attribute a2 ON a2.attnum = c.confkey[1] AND a2.attrelid = t2.oid
JOIN pg_namespace t3 ON c.connamespace = t3.oid
WHERE c.contype = 'f'
  AND t1.relname = 'bids'
  AND t3.nspname = ANY (current_schemas(false))
ORDER BY c.conname

  [1m[36m (1.4ms)[0m  [1mSELECT t2.oid::regclass::text AS to_table, a1.attname AS column, a2.attname AS primary_key, c.conname AS name, c.confupdtype AS on_update, c.confdeltype AS on_delete
FROM pg_constraint c
JOIN pg_class t1 ON c.conrelid = t1.oid
JOIN pg_class t2 ON c.confrelid = t2.oid
JOIN pg_attribute a1 ON a1.attnum = c.conkey[1] AND a1.attrelid = t1.oid
JOIN pg_attribute a2 ON a2.attnum = c.confkey[1] AND a2.attrelid = t2.oid
JOIN pg_namespace t3 ON c.connamespace = t3.oid
WHERE c.contype = 'f'
  AND t1.relname = 'delayed_jobs'
  AND t3.nspname = ANY (current_schemas(false))
ORDER BY c.conname
[0m
  [1m[35m (1.4ms)[0m  SELECT t2.oid::regclass::text AS to_table, a1.attname AS column, a2.attname AS primary_key, c.conname AS name, c.confupdtype AS on_update, c.confdeltype AS on_delete
FROM pg_constraint c
JOIN pg_class t1 ON c.conrelid = t1.oid
JOIN pg_class t2 ON c.confrelid = t2.oid
JOIN pg_attribute a1 ON a1.attnum = c.conkey[1] AND a1.attrelid = t1.oid
JOIN pg_attribute a2 ON a2.attnum = c.confkey[1] AND a2.attrelid = t2.oid
JOIN pg_namespace t3 ON c.connamespace = t3.oid
WHERE c.contype = 'f'
  AND t1.relname = 'users'
  AND t3.nspname = ANY (current_schemas(false))
ORDER BY c.conname



Started GET "/" for ::1 at 2016-05-19 10:47:39 -0400
  [1m[36mActiveRecord::SchemaMigration Load (0.5ms)[0m  [1mSELECT "schema_migrations".* FROM "schema_migrations"[0m
Processing by AuctionsController#index as HTML
  [1m[35mUser Load (1.8ms)[0m  SELECT  "users".* FROM "users" WHERE "users"."id" IS NULL  ORDER BY "users"."id" ASC LIMIT 1
  [1m[36mCACHE (0.0ms)[0m  [1mSELECT  "users".* FROM "users" WHERE "users"."id" IS NULL  ORDER BY "users"."id" ASC LIMIT 1[0m
  [1m[35mAuction Load (7.9ms)[0m  SELECT "auctions".* FROM "auctions" WHERE "auctions"."published" = $1  ORDER BY end_datetime DESC  [["published", 1]]
  Rendered auctions/_empty_auctions.html.erb (0.3ms)
  Rendered auctions/index.html.erb within layouts/application (18.3ms)
  [1m[36mCACHE (0.0ms)[0m  [1mSELECT  "users".* FROM "users" WHERE "users"."id" IS NULL  ORDER BY "users"."id" ASC LIMIT 1[0m
  [1m[35mCACHE (0.0ms)[0m  SELECT  "users".* FROM "users" WHERE "users"."id" IS NULL  ORDER BY "users"."id" ASC LIMIT 1
  Rendered components/_guest_nav_drawer.html.erb (0.3ms)
  Rendered components/_nav_drawer.erb (0.5ms)
  Rendered application/_flashes.html.erb (0.4ms)
Completed 200 OK in 2918ms (Views: 2860.9ms | ActiveRecord: 13.2ms)


Started GET "/assets/d3.self-850dec129b5f20c85fb8f10f3afae50c6efdfc9981c2952916d4a850bf18afee.js?body=1" for ::1 at 2016-05-19 10:47:42 -0400


Started GET "/assets/main.self-fc0a4b6d29c37a6359f4529e6e4bf38ab9b0aa98524f7324ddd64d64842342a4.css?body=1" for ::1 at 2016-05-19 10:47:42 -0400


Started GET "/assets/jquery-accessibleMegaMenu.self-824135b4f629a43297f41823afbcbd485101fca28ac91ee13930d90f87b2ac48.js?body=1" for ::1 at 2016-05-19 10:47:42 -0400


Started GET "/assets/utility.self-69c0fc40bb9f963f73b23a21270d081e08c854015eeb2df8ac86ca0ffeb3da8e.js?body=1" for ::1 at 2016-05-19 10:47:42 -0400


Started GET "/assets/components.self-b82d219ce91d8fb1c1a54a1cad56c329cf104c8e323bf63e20d2fdd65e15afca.js?body=1" for ::1 at 2016-05-19 10:47:42 -0400


Started GET "/assets/cookies.self-f64868c887ff8e4a45e0b3f64985a20f02a3acb71d17a4ec96c1b0e8ffb06b53.js?body=1" for ::1 at 2016-05-19 10:47:42 -0400


Started GET "/assets/source/c3.css" for ::1 at 2016-05-19 10:47:42 -0400


Started GET "/assets/sam_warning.self-c87a51d1db7e30d03061872086f2d169d75efc0b737da96a3b553e35783087ed.js?body=1" for ::1 at 2016-05-19 10:47:42 -0400


Started GET "/assets/drawer.self-945025efa605f38697efde4737db99bdfb86dd9d048d0b7027d9c2264fd6031e.js?body=1" for ::1 at 2016-05-19 10:47:42 -0400


Started GET "/assets/navDropdown.self-af7868d5102b16759613016a4319788a773ab4d4e3de70334aa9a6178e8d6e5f.js?body=1" for ::1 at 2016-05-19 10:47:42 -0400


Started GET "/assets/application.self-47eb990bce5636b25b85a8f2033ef4315710d2f23ddbffe0e8655742659e3c49.js?body=1" for ::1 at 2016-05-19 10:47:42 -0400


Started GET "/assets/source/c3.self-346640face7afbec2f398106994f8828168c8fc427102515d0ccba345877f8fb.css?body=1" for ::1 at 2016-05-19 10:47:42 -0400


Started GET "/assets/application.self-4426b33ec93642a87851ec920dce2cc0d1a13415388d9bc122d20d642ca73b2f.css?body=1" for ::1 at 2016-05-19 10:47:42 -0400


Started GET "/assets/vendor/jquery-1.11.3.min.self-ad66c584c2469d2bb527ba7aef5893549f1554ccc8ab3ccb43bd09ce8c3bf7a1.js?body=1" for ::1 at 2016-05-19 10:47:42 -0400


Started GET "/assets/us_flag_small-8a6f68dd8703ce4cb475c92fc1eefa84c41f4741ec4c6ca8403ef99b74b94d20.png" for ::1 at 2016-05-19 10:47:42 -0400


Started GET "/assets/18F-Logo-2016-Blue-6710315924c9b82b3a0bbf41a40b953176c442dd7e0e5b63e69ce89c0ce8ad87.svg" for ::1 at 2016-05-19 10:47:42 -0400


Started GET "/assets/sourcesanspro/sourcesanspro-light-webfont-7dc9968203233ab8b6b3605b290a4f70e9478f7db7277308c2faf38053e4e73d.woff2" for ::1 at 2016-05-19 10:47:42 -0400


Started GET "/assets/sourcesanspro/sourcesanspro-regular-webfont-cb03c54300164fcc8b068bf1cd8b419e6f8eb5cb44d607f198be1997999cc488.woff2" for ::1 at 2016-05-19 10:47:42 -0400


Started GET "/assets/favicon-69ed8e7688dee6852c16309cb9f7c58ec43560321d03fb7605874c792b23d02f.ico" for ::1 at 2016-05-19 10:47:43 -0400


Started GET "/" for ::1 at 2016-05-19 10:47:47 -0400
Processing by AuctionsController#index as HTML
  [1m[36mUser Load (0.4ms)[0m  [1mSELECT  "users".* FROM "users" WHERE "users"."id" IS NULL  ORDER BY "users"."id" ASC LIMIT 1[0m
  [1m[35mCACHE (0.0ms)[0m  SELECT  "users".* FROM "users" WHERE "users"."id" IS NULL  ORDER BY "users"."id" ASC LIMIT 1
  [1m[36mAuction Load (0.3ms)[0m  [1mSELECT "auctions".* FROM "auctions" WHERE "auctions"."published" = $1  ORDER BY end_datetime DESC[0m  [["published", 1]]
  Rendered auctions/_empty_auctions.html.erb (0.0ms)
  Rendered auctions/index.html.erb within layouts/application (2.1ms)
  [1m[35mCACHE (0.0ms)[0m  SELECT  "users".* FROM "users" WHERE "users"."id" IS NULL  ORDER BY "users"."id" ASC LIMIT 1
  [1m[36mCACHE (0.0ms)[0m  [1mSELECT  "users".* FROM "users" WHERE "users"."id" IS NULL  ORDER BY "users"."id" ASC LIMIT 1[0m
  Rendered components/_guest_nav_drawer.html.erb (0.1ms)
  Rendered components/_nav_drawer.erb (0.3ms)
  Rendered application/_flashes.html.erb (0.0ms)
Completed 200 OK in 51ms (Views: 47.9ms | ActiveRecord: 0.8ms)


Started GET "/assets/source/c3.self-346640face7afbec2f398106994f8828168c8fc427102515d0ccba345877f8fb.css?body=1" for ::1 at 2016-05-19 10:47:47 -0400


Started GET "/assets/application.self-4426b33ec93642a87851ec920dce2cc0d1a13415388d9bc122d20d642ca73b2f.css?body=1" for ::1 at 2016-05-19 10:47:47 -0400


Started GET "/assets/main.self-fc0a4b6d29c37a6359f4529e6e4bf38ab9b0aa98524f7324ddd64d64842342a4.css?body=1" for ::1 at 2016-05-19 10:47:47 -0400


Started GET "/assets/utility.self-69c0fc40bb9f963f73b23a21270d081e08c854015eeb2df8ac86ca0ffeb3da8e.js?body=1" for ::1 at 2016-05-19 10:47:47 -0400


Started GET "/assets/components.self-b82d219ce91d8fb1c1a54a1cad56c329cf104c8e323bf63e20d2fdd65e15afca.js?body=1" for ::1 at 2016-05-19 10:47:47 -0400


Started GET "/assets/cookies.self-f64868c887ff8e4a45e0b3f64985a20f02a3acb71d17a4ec96c1b0e8ffb06b53.js?body=1" for ::1 at 2016-05-19 10:47:47 -0400


Started GET "/assets/source/c3.css" for ::1 at 2016-05-19 10:47:47 -0400


Started GET "/assets/sam_warning.self-c87a51d1db7e30d03061872086f2d169d75efc0b737da96a3b553e35783087ed.js?body=1" for ::1 at 2016-05-19 10:47:47 -0400


Started GET "/assets/drawer.self-945025efa605f38697efde4737db99bdfb86dd9d048d0b7027d9c2264fd6031e.js?body=1" for ::1 at 2016-05-19 10:47:47 -0400


Started GET "/assets/navDropdown.self-af7868d5102b16759613016a4319788a773ab4d4e3de70334aa9a6178e8d6e5f.js?body=1" for ::1 at 2016-05-19 10:47:47 -0400


Started GET "/assets/application.self-47eb990bce5636b25b85a8f2033ef4315710d2f23ddbffe0e8655742659e3c49.js?body=1" for ::1 at 2016-05-19 10:47:47 -0400


Started GET "/assets/jquery-accessibleMegaMenu.self-824135b4f629a43297f41823afbcbd485101fca28ac91ee13930d90f87b2ac48.js?body=1" for ::1 at 2016-05-19 10:47:47 -0400


Started GET "/assets/d3.self-850dec129b5f20c85fb8f10f3afae50c6efdfc9981c2952916d4a850bf18afee.js?body=1" for ::1 at 2016-05-19 10:47:47 -0400


Started GET "/assets/vendor/jquery-1.11.3.min.self-ad66c584c2469d2bb527ba7aef5893549f1554ccc8ab3ccb43bd09ce8c3bf7a1.js?body=1" for ::1 at 2016-05-19 10:47:47 -0400


Started GET "/assets/us_flag_small-8a6f68dd8703ce4cb475c92fc1eefa84c41f4741ec4c6ca8403ef99b74b94d20.png" for ::1 at 2016-05-19 10:47:47 -0400


Started GET "/assets/18F-Logo-2016-Blue-6710315924c9b82b3a0bbf41a40b953176c442dd7e0e5b63e69ce89c0ce8ad87.svg" for ::1 at 2016-05-19 10:47:47 -0400


Started GET "/assets/sourcesanspro/sourcesanspro-light-webfont-7dc9968203233ab8b6b3605b290a4f70e9478f7db7277308c2faf38053e4e73d.woff2" for ::1 at 2016-05-19 10:47:47 -0400


Started GET "/assets/sourcesanspro/sourcesanspro-regular-webfont-cb03c54300164fcc8b068bf1cd8b419e6f8eb5cb44d607f198be1997999cc488.woff2" for ::1 at 2016-05-19 10:47:47 -0400


Started GET "/assets/favicon-69ed8e7688dee6852c16309cb9f7c58ec43560321d03fb7605874c792b23d02f.ico" for ::1 at 2016-05-19 10:47:48 -0400
